2026-04-18 09:26:03,411 - main - INFO - === Logging system initialized ===
2026-04-18 09:26:03,411 - main - INFO - Log file: logs/app_20260418_092603.log
2026-04-18 09:26:03,411 - main - INFO - Log level: INFO
2026-04-18 09:26:03,411 - main - INFO - Timestamp: 20260418_092603
2026-04-18 09:26:04,258 - main - INFO - Included router: routers.aihub.router
2026-04-18 09:26:04,314 - main - INFO - Included router: routers.appointments.router
2026-04-18 09:26:04,326 - main - INFO - Included router: routers.auth.router
2026-04-18 09:26:04,327 - main - INFO - Included router: routers.health.router
2026-04-18 09:26:04,393 - main - INFO - Included router: routers.patients.router
2026-04-18 09:26:04,417 - main - INFO - Included router: routers.settings.router
2026-04-18 09:26:04,456 - main - INFO - Included router: routers.storage.router
2026-04-18 09:26:04,463 - main - INFO - Included router: routers.user.router
2026-04-18 09:26:04,464 - main - INFO - === Application startup initiated ===
2026-04-18 09:26:04,464 - services.database - INFO - Ignore creating tables
2026-04-18 09:26:04,464 - services.mock_data - INFO - Ignore initialize data
2026-04-18 09:26:04,465 - services.auth - INFO - Ignore initialize admin
2026-04-18 09:26:04,465 - main - INFO - === Application startup completed successfully ===
2026-04-18 09:26:07,871 - core.config - DEBUG - Read dynamic attribute jwt_secret_key from environment variable JWT_SECRET_KEY
2026-04-18 09:26:07,871 - core.config - DEBUG - Read dynamic attribute jwt_algorithm from environment variable JWT_ALGORITHM
2026-04-18 09:26:07,881 - core.auth - DEBUG - Authentication token validated for user hash: ce91757c
2026-04-18 09:26:08,080 - core.auth - DEBUG - Authentication token validated for user hash: ce91757c
2026-04-18 09:26:08,081 - core.database - DEBUG - [DB_OP] Starting get_db session creation
2026-04-18 09:26:08,081 - core.database - WARNING - Database session maker not available, attempting lazy initialization...
2026-04-18 09:26:08,081 - core.database - WARNING - Database not initialized, attempting lazy initialization...
2026-04-18 09:26:08,081 - core.database - INFO - Starting database initialization...
2026-04-18 09:26:08,081 - core.config - DEBUG - Read dynamic attribute database_url from environment variable DATABASE_URL
2026-04-18 09:26:08,081 - core.database - INFO - Normalizing database URL for async compatibility...
2026-04-18 09:26:08,082 - core.database - INFO - Creating async database engine...
2026-04-18 09:26:08,083 - core.database - INFO - Using QueuePool with connection pooling for non-Lambda environment
2026-04-18 09:26:08,129 - core.database - INFO - Database engine created successfully
2026-04-18 09:26:08,130 - core.database - INFO - Creating async session maker...
2026-04-18 09:26:08,130 - core.database - INFO - Async session maker created successfully
2026-04-18 09:26:08,130 - core.database - INFO - Database connection initialized successfully
2026-04-18 09:26:08,130 - core.database - DEBUG - [DB_OP] Starting create_tables
2026-04-18 09:26:08,131 - core.database - INFO - 🔧 Starting table creation...
2026-04-18 09:26:08,138 - core.auth - DEBUG - Authentication token validated for user hash: ce91757c
2026-04-18 09:26:08,138 - core.database - DEBUG - [DB_OP] Starting get_db session creation
2026-04-18 09:26:08,139 - core.database - DEBUG - [DB_OP] Database session created successfully in 0.0002s
2026-04-18 09:26:08,139 - routers.appointments - DEBUG - Querying appointmentss: query={}, sort=fecha, skip=0, limit=500, fields=None
2026-04-18 09:26:09,526 - routers.appointments - DEBUG - Found 0 appointmentss
2026-04-18 09:26:09,526 - core.database - DEBUG - [DB_OP] Database session cleanup after 1.3881s
2026-04-18 09:26:09,591 - core.database - INFO - Tables initialized successfully
2026-04-18 09:26:09,591 - core.database - DEBUG - [DB_OP] Create tables completed in 1.4610s
2026-04-18 09:26:09,654 - core.database - INFO - Lazy database initialization completed successfully
2026-04-18 09:26:09,655 - core.database - DEBUG - [DB_OP] Database session created successfully in 1.5744s
2026-04-18 09:26:09,655 - routers.patients - DEBUG - Querying patientss: query={}, sort=-created_at, skip=0, limit=500, fields=None
2026-04-18 09:26:10,229 - routers.patients - DEBUG - Found 0 patientss
2026-04-18 09:26:10,229 - core.database - DEBUG - [DB_OP] Database session cleanup after 2.1488s
2026-04-18 09:27:19,457 - core.auth - DEBUG - Authentication token validated for user hash: ce91757c
2026-04-18 09:27:19,625 - core.auth - DEBUG - Authentication token validated for user hash: ce91757c
2026-04-18 09:27:19,626 - core.database - DEBUG - [DB_OP] Starting get_db session creation
2026-04-18 09:27:19,626 - core.database - DEBUG - [DB_OP] Database session created successfully in 0.0003s
2026-04-18 09:27:19,627 - routers.appointments - DEBUG - Querying appointmentss: query={}, sort=fecha, skip=0, limit=500, fields=None
2026-04-18 09:27:19,629 - core.auth - DEBUG - Authentication token validated for user hash: ce91757c
2026-04-18 09:27:19,629 - core.database - DEBUG - [DB_OP] Starting get_db session creation
2026-04-18 09:27:19,630 - core.database - DEBUG - [DB_OP] Database session created successfully in 0.0006s
2026-04-18 09:27:19,630 - routers.patients - DEBUG - Querying patientss: query={}, sort=-created_at, skip=0, limit=500, fields=None
2026-04-18 09:27:20,011 - routers.patients - DEBUG - Found 0 patientss
2026-04-18 09:27:20,012 - core.database - DEBUG - [DB_OP] Database session cleanup after 0.3827s
2026-04-18 09:27:20,199 - routers.appointments - DEBUG - Found 0 appointmentss
2026-04-18 09:27:20,200 - core.database - DEBUG - [DB_OP] Database session cleanup after 0.5736s
2026-04-18 09:27:24,467 - core.auth - DEBUG - Authentication token validated for user hash: ce91757c
2026-04-18 09:27:24,644 - core.auth - DEBUG - Authentication token validated for user hash: ce91757c
2026-04-18 09:27:24,644 - core.database - DEBUG - [DB_OP] Starting get_db session creation
2026-04-18 09:27:24,645 - core.database - DEBUG - [DB_OP] Database session created successfully in 0.0003s
2026-04-18 09:27:24,645 - routers.appointments - DEBUG - Querying appointmentss: query={}, sort=fecha, skip=0, limit=500, fields=None
2026-04-18 09:27:24,647 - core.auth - DEBUG - Authentication token validated for user hash: ce91757c
2026-04-18 09:27:24,647 - core.database - DEBUG - [DB_OP] Starting get_db session creation
2026-04-18 09:27:24,647 - core.database - DEBUG - [DB_OP] Database session created successfully in 0.0001s
2026-04-18 09:27:24,648 - routers.patients - DEBUG - Querying patientss: query={}, sort=-created_at, skip=0, limit=500, fields=None
2026-04-18 09:27:25,026 - routers.appointments - DEBUG - Found 0 appointmentss
2026-04-18 09:27:25,027 - core.database - DEBUG - [DB_OP] Database session cleanup after 0.3830s
2026-04-18 09:27:25,155 - routers.patients - DEBUG - Found 0 patientss
2026-04-18 09:27:25,156 - core.database - DEBUG - [DB_OP] Database session cleanup after 0.5090s
2026-04-18 09:28:38,771 - core.auth - DEBUG - Authentication token validated for user hash: ce91757c
2026-04-18 09:28:38,995 - core.auth - DEBUG - Authentication token validated for user hash: ce91757c
2026-04-18 09:28:38,996 - core.database - DEBUG - [DB_OP] Starting get_db session creation
2026-04-18 09:28:38,996 - core.database - DEBUG - [DB_OP] Database session created successfully in 0.0002s
2026-04-18 09:28:38,996 - routers.patients - DEBUG - Querying patientss: query={}, sort=-created_at, skip=0, limit=500, fields=None
2026-04-18 09:28:38,998 - core.auth - DEBUG - Authentication token validated for user hash: ce91757c
2026-04-18 09:28:38,998 - core.database - DEBUG - [DB_OP] Starting get_db session creation
2026-04-18 09:28:38,998 - core.database - DEBUG - [DB_OP] Database session created successfully in 0.0001s
2026-04-18 09:28:38,998 - routers.appointments - DEBUG - Querying appointmentss: query={}, sort=fecha, skip=0, limit=500, fields=None
2026-04-18 09:28:39,380 - routers.patients - DEBUG - Found 0 patientss
2026-04-18 09:28:39,381 - core.database - DEBUG - [DB_OP] Database session cleanup after 0.3852s
2026-04-18 09:28:39,382 - routers.appointments - DEBUG - Found 0 appointmentss
2026-04-18 09:28:39,383 - core.database - DEBUG - [DB_OP] Database session cleanup after 0.3849s
2026-04-18 09:29:05,889 - dependencies.auth - DEBUG - Authentication required for request GET /api/v1/auth/me
2026-04-18 09:29:52,762 - core.auth - DEBUG - Authentication token validated for user hash: ce91757c
2026-04-18 09:29:52,931 - core.auth - DEBUG - Authentication token validated for user hash: ce91757c
2026-04-18 09:29:52,932 - core.database - DEBUG - [DB_OP] Starting get_db session creation
2026-04-18 09:29:52,932 - core.database - DEBUG - [DB_OP] Database session created successfully in 0.0006s
2026-04-18 09:29:52,932 - routers.patients - DEBUG - Querying patientss: query={}, sort=-created_at, skip=0, limit=500, fields=None
2026-04-18 09:29:52,934 - core.auth - DEBUG - Authentication token validated for user hash: ce91757c
2026-04-18 09:29:52,934 - core.database - DEBUG - [DB_OP] Starting get_db session creation
2026-04-18 09:29:52,934 - core.database - DEBUG - [DB_OP] Database session created successfully in 0.0001s
2026-04-18 09:29:52,934 - routers.appointments - DEBUG - Querying appointmentss: query={}, sort=fecha, skip=0, limit=500, fields=None
2026-04-18 09:29:53,313 - routers.patients - DEBUG - Found 0 patientss
2026-04-18 09:29:53,314 - core.database - DEBUG - [DB_OP] Database session cleanup after 0.3822s
2026-04-18 09:29:53,314 - routers.appointments - DEBUG - Found 0 appointmentss
2026-04-18 09:29:53,315 - core.database - DEBUG - [DB_OP] Database session cleanup after 0.3807s
2026-04-18 09:29:55,143 - dependencies.auth - DEBUG - Authentication required for request GET /api/v1/auth/me
2026-04-18 09:30:37,444 - services.database - DEBUG - [DB_OP] Starting database close
2026-04-18 09:30:37,583 - core.database - INFO - Database connection closed and engine disposed
2026-04-18 09:30:37,583 - services.database - INFO - Database connections closed
2026-04-18 09:30:37,583 - services.database - DEBUG - [DB_OP] Database close completed in 0.1393s
