2026-04-18 09:25:36,527 - main - INFO - === Logging system initialized ===
2026-04-18 09:25:36,528 - main - INFO - Log file: logs/app_20260418_092536.log
2026-04-18 09:25:36,528 - main - INFO - Log level: INFO
2026-04-18 09:25:36,528 - main - INFO - Timestamp: 20260418_092536
2026-04-18 09:25:37,806 - main - INFO - Included router: routers.aihub.router
2026-04-18 09:25:37,981 - main - INFO - Included router: routers.appointments.router
2026-04-18 09:25:37,999 - main - INFO - Included router: routers.auth.router
2026-04-18 09:25:38,037 - main - INFO - Included router: routers.health.router
2026-04-18 09:25:38,233 - main - INFO - Included router: routers.patients.router
2026-04-18 09:25:38,257 - main - INFO - Included router: routers.settings.router
2026-04-18 09:25:38,295 - main - INFO - Included router: routers.storage.router
2026-04-18 09:25:38,303 - main - INFO - Included router: routers.user.router
2026-04-18 09:25:38,305 - main - INFO - === Application startup initiated ===
2026-04-18 09:25:38,305 - services.database - INFO - Ignore creating tables
2026-04-18 09:25:38,305 - services.mock_data - INFO - Ignore initialize data
2026-04-18 09:25:38,305 - services.auth - INFO - Ignore initialize admin
2026-04-18 09:25:38,305 - main - INFO - === Application startup completed successfully ===
2026-04-18 09:25:41,917 - core.database - DEBUG - [DB_OP] Starting get_db session creation
2026-04-18 09:25:41,918 - core.database - WARNING - Database session maker not available, attempting lazy initialization...
2026-04-18 09:25:41,918 - core.database - WARNING - Database not initialized, attempting lazy initialization...
2026-04-18 09:25:41,918 - core.database - INFO - Starting database initialization...
2026-04-18 09:25:41,918 - core.config - DEBUG - Read dynamic attribute database_url from environment variable DATABASE_URL
2026-04-18 09:25:41,918 - core.database - INFO - Normalizing database URL for async compatibility...
2026-04-18 09:25:41,919 - core.database - INFO - Creating async database engine...
2026-04-18 09:25:41,920 - core.database - INFO - Using QueuePool with connection pooling for non-Lambda environment
2026-04-18 09:25:41,974 - core.database - INFO - Database engine created successfully
2026-04-18 09:25:41,975 - core.database - INFO - Creating async session maker...
2026-04-18 09:25:41,975 - core.database - INFO - Async session maker created successfully
2026-04-18 09:25:41,975 - core.database - INFO - Database connection initialized successfully
2026-04-18 09:25:41,975 - core.database - DEBUG - [DB_OP] Starting create_tables
2026-04-18 09:25:41,975 - core.database - INFO - 🔧 Starting table creation...
2026-04-18 09:25:42,054 - dependencies.auth - DEBUG - Authentication required for request GET /api/v1/auth/me
2026-04-18 09:25:42,895 - core.database - DEBUG - [DB_OP] Starting get_db session creation
2026-04-18 09:25:42,896 - core.database - DEBUG - [DB_OP] Database session created successfully in 0.0006s
2026-04-18 09:25:42,896 - routers.auth - INFO - [token/exchange] Received platform token exchange request
2026-04-18 09:25:42,896 - core.config - DEBUG - Read dynamic attribute oidc_issuer_url from environment variable OIDC_ISSUER_URL
2026-04-18 09:25:42,896 - routers.auth - DEBUG - [token/exchange] Verifying token with issuer: https://auth.atoms.dev/api/v1/oidc/platform/tokens/verify
2026-04-18 09:25:43,298 - httpcore.connection - DEBUG - connect_tcp.started host='auth.atoms.dev' port=443 local_address=None timeout=5.0 socket_options=None
2026-04-18 09:25:43,306 - httpcore.connection - DEBUG - connect_tcp.complete return_value=<httpcore._backends.anyio.AnyIOStream object at 0x7f61e5ea72b0>
2026-04-18 09:25:43,307 - httpcore.connection - DEBUG - start_tls.started ssl_context=<ssl.SSLContext object at 0x7f61e5f8a4c0> server_hostname='auth.atoms.dev' timeout=5.0
2026-04-18 09:25:43,317 - httpcore.connection - DEBUG - start_tls.complete return_value=<httpcore._backends.anyio.AnyIOStream object at 0x7f61e5ea6e90>
2026-04-18 09:25:43,318 - httpcore.http11 - DEBUG - send_request_headers.started request=<Request [b'POST']>
2026-04-18 09:25:43,319 - httpcore.http11 - DEBUG - send_request_headers.complete
2026-04-18 09:25:43,319 - httpcore.http11 - DEBUG - send_request_body.started request=<Request [b'POST']>
2026-04-18 09:25:43,320 - httpcore.http11 - DEBUG - send_request_body.complete
2026-04-18 09:25:43,320 - httpcore.http11 - DEBUG - receive_response_headers.started request=<Request [b'POST']>
2026-04-18 09:25:43,345 - httpcore.http11 - DEBUG - receive_response_headers.complete return_value=(b'HTTP/1.1', 200, b'OK', [(b'Date', b'Sat, 18 Apr 2026 16:25:43 GMT'), (b'Content-Type', b'application/json'), (b'Transfer-Encoding', b'chunked'), (b'Connection', b'keep-alive'), (b'x-response-time', b'0.001s'), (b'x-request-id', b'432940c2b5b31560957cc18ab97381f6'), (b'cf-cache-status', b'DYNAMIC'), (b'Content-Encoding', b'gzip'), (b'Server', b'cloudflare'), (b'CF-RAY', b'9ee506edcb852378-LAX')])
2026-04-18 09:25:43,346 - httpx - INFO - HTTP Request: POST https://auth.atoms.dev/api/v1/oidc/platform/tokens/verify "HTTP/1.1 200 OK"
2026-04-18 09:25:43,347 - httpcore.http11 - DEBUG - receive_response_body.started request=<Request [b'POST']>
2026-04-18 09:25:43,347 - httpcore.http11 - DEBUG - receive_response_body.complete
2026-04-18 09:25:43,347 - httpcore.http11 - DEBUG - response_closed.started
2026-04-18 09:25:43,347 - httpcore.http11 - DEBUG - response_closed.complete
2026-04-18 09:25:43,348 - httpcore.connection - DEBUG - close.started
2026-04-18 09:25:43,348 - httpcore.connection - DEBUG - close.complete
2026-04-18 09:25:43,349 - routers.auth - DEBUG - [token/exchange] Issuer response status: 200
2026-04-18 09:25:43,349 - routers.auth - DEBUG - [token/exchange] Issuer response body: {'success': True, 'data': {'exp': 1779056383, 'user_id': 1129684, 'email': 'angelhenriquezv@gmail.com', 'pv': 0}, 'message': 'Platform token verified', 'code': 0, 'timestamp': '2026-04-18T16:25:43.341381'}
2026-04-18 09:25:43,349 - routers.auth - INFO - [token/exchange] Token verified, platform_user_id=1129684, email=angelhenriquezv@gmail.com
2026-04-18 09:25:43,349 - core.config - DEBUG - Read dynamic attribute admin_user_id from environment variable ADMIN_USER_ID
2026-04-18 09:25:43,349 - routers.auth - INFO - [token/exchange] User verified: platform_user_id=1129684, role=admin
2026-04-18 09:25:43,353 - routers.auth - DEBUG - [token/exchange] User object for token issuance: id=1129684, email=angelhenriquezv@gmail.com, role=admin
2026-04-18 09:25:43,353 - core.config - DEBUG - Read dynamic attribute jwt_expire_minutes from environment variable JWT_EXPIRE_MINUTES
2026-04-18 09:25:43,354 - core.config - DEBUG - Read dynamic attribute jwt_secret_key from environment variable JWT_SECRET_KEY
2026-04-18 09:25:43,354 - core.config - DEBUG - Read dynamic attribute jwt_algorithm from environment variable JWT_ALGORITHM
2026-04-18 09:25:43,397 - core.auth - DEBUG - Authentication token created for user hash: ce91757c
2026-04-18 09:25:43,397 - routers.auth - INFO - [token/exchange] Token issued successfully for user_id=1129684, expires_at=2026-05-18 16:25:43.353981+00:00
2026-04-18 09:25:43,398 - core.database - DEBUG - [DB_OP] Database session cleanup after 0.5027s
2026-04-18 09:25:43,850 - core.database - INFO - Tables initialized successfully
2026-04-18 09:25:43,851 - core.database - DEBUG - [DB_OP] Create tables completed in 1.8757s
2026-04-18 09:25:43,914 - core.database - INFO - Lazy database initialization completed successfully
2026-04-18 09:25:43,917 - core.database - DEBUG - [DB_OP] Database session created successfully in 1.9997s
2026-04-18 09:25:43,917 - routers.auth - INFO - [token/exchange] Received platform token exchange request
2026-04-18 09:25:43,917 - routers.auth - DEBUG - [token/exchange] Verifying token with issuer: https://auth.atoms.dev/api/v1/oidc/platform/tokens/verify
2026-04-18 09:25:43,944 - httpcore.connection - DEBUG - connect_tcp.started host='auth.atoms.dev' port=443 local_address=None timeout=5.0 socket_options=None
2026-04-18 09:25:43,958 - httpcore.connection - DEBUG - connect_tcp.complete return_value=<httpcore._backends.anyio.AnyIOStream object at 0x7f61e5e5b940>
2026-04-18 09:25:43,958 - httpcore.connection - DEBUG - start_tls.started ssl_context=<ssl.SSLContext object at 0x7f61e5f89b40> server_hostname='auth.atoms.dev' timeout=5.0
2026-04-18 09:25:43,967 - httpcore.connection - DEBUG - start_tls.complete return_value=<httpcore._backends.anyio.AnyIOStream object at 0x7f61e5e5a710>
2026-04-18 09:25:43,967 - httpcore.http11 - DEBUG - send_request_headers.started request=<Request [b'POST']>
2026-04-18 09:25:43,968 - httpcore.http11 - DEBUG - send_request_headers.complete
2026-04-18 09:25:43,968 - httpcore.http11 - DEBUG - send_request_body.started request=<Request [b'POST']>
2026-04-18 09:25:43,968 - httpcore.http11 - DEBUG - send_request_body.complete
2026-04-18 09:25:43,968 - httpcore.http11 - DEBUG - receive_response_headers.started request=<Request [b'POST']>
2026-04-18 09:25:43,991 - httpcore.http11 - DEBUG - receive_response_headers.complete return_value=(b'HTTP/1.1', 200, b'OK', [(b'Date', b'Sat, 18 Apr 2026 16:25:43 GMT'), (b'Content-Type', b'application/json'), (b'Transfer-Encoding', b'chunked'), (b'Connection', b'keep-alive'), (b'x-response-time', b'0.002s'), (b'x-request-id', b'7e28b5148515b7df9eecca6eccfaebcf'), (b'cf-cache-status', b'DYNAMIC'), (b'Content-Encoding', b'gzip'), (b'Server', b'cloudflare'), (b'CF-RAY', b'9ee506f1cc8f55a3-LAX')])
2026-04-18 09:25:43,991 - httpx - INFO - HTTP Request: POST https://auth.atoms.dev/api/v1/oidc/platform/tokens/verify "HTTP/1.1 200 OK"
2026-04-18 09:25:43,991 - httpcore.http11 - DEBUG - receive_response_body.started request=<Request [b'POST']>
2026-04-18 09:25:43,992 - httpcore.http11 - DEBUG - receive_response_body.complete
2026-04-18 09:25:43,992 - httpcore.http11 - DEBUG - response_closed.started
2026-04-18 09:25:43,993 - httpcore.http11 - DEBUG - response_closed.complete
2026-04-18 09:25:43,993 - httpcore.connection - DEBUG - close.started
2026-04-18 09:25:43,993 - httpcore.connection - DEBUG - close.complete
2026-04-18 09:25:43,993 - routers.auth - DEBUG - [token/exchange] Issuer response status: 200
2026-04-18 09:25:43,994 - routers.auth - DEBUG - [token/exchange] Issuer response body: {'success': True, 'data': {'exp': 1779056383, 'user_id': 1129684, 'email': 'angelhenriquezv@gmail.com', 'pv': 0}, 'message': 'Platform token verified', 'code': 0, 'timestamp': '2026-04-18T16:25:43.987534'}
2026-04-18 09:25:43,994 - routers.auth - INFO - [token/exchange] Token verified, platform_user_id=1129684, email=angelhenriquezv@gmail.com
2026-04-18 09:25:43,994 - routers.auth - INFO - [token/exchange] User verified: platform_user_id=1129684, role=admin
2026-04-18 09:25:43,994 - routers.auth - DEBUG - [token/exchange] User object for token issuance: id=1129684, email=angelhenriquezv@gmail.com, role=admin
2026-04-18 09:25:43,995 - core.auth - DEBUG - Authentication token created for user hash: ce91757c
2026-04-18 09:25:43,995 - routers.auth - INFO - [token/exchange] Token issued successfully for user_id=1129684, expires_at=2026-05-18 16:25:43.994812+00:00
2026-04-18 09:25:43,995 - core.database - DEBUG - [DB_OP] Database session cleanup after 2.0779s
2026-04-18 09:25:44,449 - core.auth - DEBUG - Authentication token validated for user hash: ce91757c
2026-04-18 09:25:44,827 - core.auth - DEBUG - Authentication token validated for user hash: ce91757c
2026-04-18 09:25:44,828 - core.database - DEBUG - [DB_OP] Starting get_db session creation
2026-04-18 09:25:44,829 - core.database - DEBUG - [DB_OP] Database session created successfully in 0.0011s
2026-04-18 09:25:44,829 - routers.patients - DEBUG - Querying patientss: query={}, sort=-created_at, skip=0, limit=500, fields=None
2026-04-18 09:25:44,835 - core.auth - DEBUG - Authentication token validated for user hash: ce91757c
2026-04-18 09:25:44,836 - core.database - DEBUG - [DB_OP] Starting get_db session creation
2026-04-18 09:25:44,836 - core.database - DEBUG - [DB_OP] Database session created successfully in 0.0002s
2026-04-18 09:25:44,836 - routers.appointments - DEBUG - Querying appointmentss: query={}, sort=fecha, skip=0, limit=500, fields=None
2026-04-18 09:25:45,425 - routers.patients - DEBUG - Found 0 patientss
2026-04-18 09:25:45,426 - core.database - DEBUG - [DB_OP] Database session cleanup after 0.5978s
2026-04-18 09:25:45,589 - routers.appointments - DEBUG - Found 0 appointmentss
2026-04-18 09:25:45,590 - core.database - DEBUG - [DB_OP] Database session cleanup after 0.7540s
2026-04-18 09:25:54,440 - services.database - DEBUG - [DB_OP] Starting database close
2026-04-18 09:25:54,572 - core.database - INFO - Database connection closed and engine disposed
2026-04-18 09:25:54,572 - services.database - INFO - Database connections closed
2026-04-18 09:25:54,572 - services.database - DEBUG - [DB_OP] Database close completed in 0.1322s
